<?xml version="1.0" encoding="UTF-8"?>
<testng-results ignored="0" total="1" passed="1" failed="0" skipped="0">
  <reporter-output>
  </reporter-output>
  <suite started-at="2020-10-29T20:35:45 IST" name="Default suite" finished-at="2020-10-29T20:35:45 IST" duration-ms="145">
    <groups>
    </groups>
    <test started-at="2020-10-29T20:35:45 IST" name="Default test" finished-at="2020-10-29T20:35:45 IST" duration-ms="145">
      <class name="RestAssured.TC002_JsonSchemaValidation">
        <test-method signature="jsonSchemaValidation()[pri:0, instance:RestAssured.TC002_JsonSchemaValidation@47542153]" started-at="2020-10-29T20:35:45 IST" name="jsonSchemaValidation" finished-at="2020-10-29T20:35:45 IST" duration-ms="68" status="PASS">
          <reporter-output>
          </reporter-output>
        </test-method> <!-- jsonSchemaValidation -->
      </class> <!-- RestAssured.TC002_JsonSchemaValidation -->
    </test> <!-- Default test -->
  </suite> <!-- Default suite -->
</testng-results>
